<?xml version="1.0" encoding="UTF-8"?>
<testng-results skipped="0" failed="0" ignored="0" total="2" passed="2">
  <reporter-output>
    <line>
      <![CDATA[Expected Page actiTIME - Login is Displayed]]>
    </line>
    <line>
      <![CDATA[Expected Page actiTIME - Enter Time-Track is Displayed]]>
    </line>
    <line>
      <![CDATA[Expected Page actiTIME - Login is Displayed]]>
    </line>
    <line>
      <![CDATA[Expected Page actiTIME - Enter Time-Track is Displayed]]>
    </line>
  </reporter-output>
  <suite name="Suite" duration-ms="135553" started-at="2018-02-23T17:59:52Z" finished-at="2018-02-23T18:02:08Z">
    <groups>
    </groups>
    <test name="Chrome" duration-ms="71052" started-at="2018-02-23T17:59:52Z" finished-at="2018-02-23T18:01:03Z">
      <class name="script.ValidLogin">
        <test-method status="PASS" signature="openApplication(java.lang.String, java.lang.String)[pri:0, instance:script.ValidLogin@57baeedf]" name="openApplication" is-config="true" duration-ms="49703" started-at="2018-02-23T17:59:52Z" finished-at="2018-02-23T18:00:42Z">
          <params>
            <param index="0">
              <value>
                <![CDATA[10.0.0.7]]>
              </value>
            </param>
            <param index="1">
              <value>
                <![CDATA[chrome]]>
              </value>
            </param>
          </params>
          <reporter-output>
          </reporter-output>
        </test-method> <!-- openApplication -->
        <test-method status="PASS" signature="testValidLogin()[pri:0, instance:script.ValidLogin@57baeedf]" name="testValidLogin" duration-ms="19624" started-at="2018-02-23T18:00:42Z" finished-at="2018-02-23T18:01:02Z">
          <reporter-output>
            <line>
              <![CDATA[Expected Page actiTIME - Login is Displayed]]>
            </line>
            <line>
              <![CDATA[Expected Page actiTIME - Enter Time-Track is Displayed]]>
            </line>
          </reporter-output>
        </test-method> <!-- testValidLogin -->
        <test-method status="PASS" signature="closeApplication(org.testng.ITestResult)[pri:0, instance:script.ValidLogin@57baeedf]" name="closeApplication" is-config="true" duration-ms="1635" started-at="2018-02-23T18:01:02Z" finished-at="2018-02-23T18:01:03Z">
          <params>
            <param index="0">
              <value>
                <![CDATA[[TestResult name=testValidLogin status=SUCCESS method=ValidLogin.testValidLogin()[pri:0, instance:script.ValidLogin@57baeedf] output=Expected Page actiTIME - Login is Displayed]]]>
              </value>
            </param>
          </params>
          <reporter-output>
          </reporter-output>
        </test-method> <!-- closeApplication -->
      </class> <!-- script.ValidLogin -->
    </test> <!-- Chrome -->
    <test name="Firefox" duration-ms="135553" started-at="2018-02-23T17:59:52Z" finished-at="2018-02-23T18:02:08Z">
      <class name="script.ValidLogin">
        <test-method status="PASS" signature="openApplication(java.lang.String, java.lang.String)[pri:0, instance:script.ValidLogin@6fd02e5]" name="openApplication" is-config="true" duration-ms="126711" started-at="2018-02-23T17:59:52Z" finished-at="2018-02-23T18:01:59Z">
          <params>
            <param index="0">
              <value>
                <![CDATA[10.0.0.7]]>
              </value>
            </param>
            <param index="1">
              <value>
                <![CDATA[firefox]]>
              </value>
            </param>
          </params>
          <reporter-output>
          </reporter-output>
        </test-method> <!-- openApplication -->
        <test-method status="PASS" signature="testValidLogin()[pri:0, instance:script.ValidLogin@6fd02e5]" name="testValidLogin" duration-ms="7290" started-at="2018-02-23T18:01:59Z" finished-at="2018-02-23T18:02:06Z">
          <reporter-output>
            <line>
              <![CDATA[Expected Page actiTIME - Login is Displayed]]>
            </line>
            <line>
              <![CDATA[Expected Page actiTIME - Enter Time-Track is Displayed]]>
            </line>
          </reporter-output>
        </test-method> <!-- testValidLogin -->
        <test-method status="PASS" signature="closeApplication(org.testng.ITestResult)[pri:0, instance:script.ValidLogin@6fd02e5]" name="closeApplication" is-config="true" duration-ms="1463" started-at="2018-02-23T18:02:06Z" finished-at="2018-02-23T18:02:08Z">
          <params>
            <param index="0">
              <value>
                <![CDATA[[TestResult name=testValidLogin status=SUCCESS method=ValidLogin.testValidLogin()[pri:0, instance:script.ValidLogin@6fd02e5] output=Expected Page actiTIME - Login is Displayed]]]>
              </value>
            </param>
          </params>
          <reporter-output>
          </reporter-output>
        </test-method> <!-- closeApplication -->
      </class> <!-- script.ValidLogin -->
    </test> <!-- Firefox -->
  </suite> <!-- Suite -->
</testng-results>
